2019-07-30 08:06:10,873 INFO (StartupInfoLogger.java:50)- Starting GradeApplication on wcmis022 with PID 7028 (D:\Projects\grade\target\classes started by vz04 in D:\Projects\grade)
2019-07-30 08:06:10,916 DEBUG (StartupInfoLogger.java:53)- Running with Spring Boot v2.1.6.RELEASE, Spring v5.1.8.RELEASE
2019-07-30 08:06:10,917 INFO (SpringApplication.java:646)- No active profile set, falling back to default profiles: default
2019-07-30 08:06:20,168 INFO (StartupInfoLogger.java:59)- Started GradeApplication in 11.186 seconds (JVM running for 16.093)
2019-07-30 08:07:54,423 DEBUG (BaseJdbcLogger.java:159)- ==>  Preparing: SELECT [Account_ID] AS [accountId], [Account_Number] AS [accountNumber], [Password] AS [password], [Identity] AS [identity], [Classes_ID] AS [classesId] FROM vz04.Account WHERE [Account_Number] = ? 
2019-07-30 08:07:54,508 DEBUG (BaseJdbcLogger.java:159)- ==> Parameters: 10001(String)
2019-07-30 08:07:54,562 DEBUG (BaseJdbcLogger.java:159)- <==      Total: 1
2019-07-30 08:08:18,560 DEBUG (BaseJdbcLogger.java:159)- ==>  Preparing: SELECT [Account_ID] AS [accountId], [Account_Number] AS [accountNumber], [Password] AS [password], [Identity] AS [identity], [Classes_ID] AS [classesId] FROM vz04.Account WHERE [Account_Number] = ? 
2019-07-30 08:08:18,561 DEBUG (BaseJdbcLogger.java:159)- ==> Parameters: 10000(String)
2019-07-30 08:08:18,563 DEBUG (BaseJdbcLogger.java:159)- <==      Total: 1
2019-07-30 08:08:22,413 DEBUG (BaseJdbcLogger.java:159)- ==>  Preparing: INSERT INTO vz04.Classes([Name_Class],[InUser]) VALUES(?,N'vz04') 
2019-07-30 08:08:22,414 DEBUG (BaseJdbcLogger.java:159)- ==> Parameters: 一年级四班(String)
2019-07-30 08:08:22,416 DEBUG (BaseJdbcLogger.java:159)- <==    Updates: 1
2019-07-30 08:17:45,236 INFO (StartupInfoLogger.java:50)- Starting ClassesTest on wcmis022 with PID 11804 (started by vz04 in D:\Projects\grade)
2019-07-30 08:17:45,238 DEBUG (StartupInfoLogger.java:53)- Running with Spring Boot v2.1.6.RELEASE, Spring v5.1.8.RELEASE
2019-07-30 08:17:45,242 INFO (SpringApplication.java:646)- No active profile set, falling back to default profiles: default
2019-07-30 08:17:52,572 INFO (StartupInfoLogger.java:59)- Started ClassesTest in 9.636 seconds (JVM running for 13.127)
2019-07-30 08:17:53,996 DEBUG (BaseJdbcLogger.java:159)- ==>  Preparing: INSERT INTO vz04.Classes([Name_Class],[InUser]) VALUES(?,N'vz04') 
2019-07-30 08:17:54,043 DEBUG (BaseJdbcLogger.java:159)- ==> Parameters: 一年级三班(String)
2019-07-30 08:17:54,060 DEBUG (BaseJdbcLogger.java:159)- <==    Updates: 1
2019-07-30 08:17:54,089 DEBUG (ClassesTest.java:50)- true
2019-07-30 10:44:16,754 INFO (StartupInfoLogger.java:50)- Starting ClassesTest on wcmis022 with PID 10228 (started by vz04 in D:\Projects\grade)
2019-07-30 10:44:16,760 DEBUG (StartupInfoLogger.java:53)- Running with Spring Boot v2.1.6.RELEASE, Spring v5.1.8.RELEASE
2019-07-30 10:44:16,761 INFO (SpringApplication.java:646)- No active profile set, falling back to default profiles: default
2019-07-30 10:44:26,713 INFO (StartupInfoLogger.java:59)- Started ClassesTest in 11.922 seconds (JVM running for 17.41)
2019-07-30 10:44:28,390 DEBUG (BaseJdbcLogger.java:159)- ==>  Preparing: SELECT TOP(1) [Name_Class] AS [nameClass] FROM vz04.Classes WHERE [Name_Class = ? 
2019-07-30 10:46:09,467 INFO (StartupInfoLogger.java:50)- Starting ClassesTest on wcmis022 with PID 12084 (started by vz04 in D:\Projects\grade)
2019-07-30 10:46:09,467 DEBUG (StartupInfoLogger.java:53)- Running with Spring Boot v2.1.6.RELEASE, Spring v5.1.8.RELEASE
2019-07-30 10:46:09,467 INFO (SpringApplication.java:646)- No active profile set, falling back to default profiles: default
2019-07-30 10:46:16,660 INFO (StartupInfoLogger.java:59)- Started ClassesTest in 9.167 seconds (JVM running for 11.234)
2019-07-30 10:46:17,748 DEBUG (BaseJdbcLogger.java:159)- ==>  Preparing: SELECT TOP(1) [Name_Class] AS [nameClass] FROM vz04.Classes WHERE Name_Class = ? 
2019-07-30 10:46:17,810 DEBUG (BaseJdbcLogger.java:159)- ==> Parameters: 一年级三班(String)
2019-07-30 10:46:17,921 DEBUG (BaseJdbcLogger.java:159)- <==      Total: 1
2019-07-30 10:46:17,939 DEBUG (ClassesTest.java:39)- ClassesBean{classesId=null, nameClass='一年级三班'}
2019-07-30 10:47:53,112 INFO (StartupInfoLogger.java:50)- Starting ClassesTest on wcmis022 with PID 7232 (started by vz04 in D:\Projects\grade)
2019-07-30 10:47:53,114 DEBUG (StartupInfoLogger.java:53)- Running with Spring Boot v2.1.6.RELEASE, Spring v5.1.8.RELEASE
2019-07-30 10:47:53,116 INFO (SpringApplication.java:646)- No active profile set, falling back to default profiles: default
2019-07-30 10:47:59,444 INFO (StartupInfoLogger.java:59)- Started ClassesTest in 8.866 seconds (JVM running for 10.984)
2019-07-30 10:48:00,833 DEBUG (BaseJdbcLogger.java:159)- ==>  Preparing: SELECT TOP(1) [Name_Class] AS [nameClass] FROM vz04.Classes WHERE Name_Class = ? 
2019-07-30 10:48:00,875 DEBUG (BaseJdbcLogger.java:159)- ==> Parameters: 一年级四班(String)
2019-07-30 10:48:00,955 DEBUG (BaseJdbcLogger.java:159)- <==      Total: 1
2019-07-30 10:48:00,995 DEBUG (ClassesTest.java:39)- ClassesBean{classesId=null, nameClass='一年级四班'}
2019-07-30 10:48:27,103 INFO (StartupInfoLogger.java:50)- Starting ClassesTest on wcmis022 with PID 13336 (started by vz04 in D:\Projects\grade)
2019-07-30 10:48:27,103 DEBUG (StartupInfoLogger.java:53)- Running with Spring Boot v2.1.6.RELEASE, Spring v5.1.8.RELEASE
2019-07-30 10:48:27,103 INFO (SpringApplication.java:646)- No active profile set, falling back to default profiles: default
2019-07-30 10:48:33,349 INFO (StartupInfoLogger.java:59)- Started ClassesTest in 8.82 seconds (JVM running for 10.684)
2019-07-30 10:48:34,525 DEBUG (BaseJdbcLogger.java:159)- ==>  Preparing: SELECT TOP(1) [Name_Class] AS [nameClass] FROM vz04.Classes WHERE Name_Class = ? 
2019-07-30 10:48:34,588 DEBUG (BaseJdbcLogger.java:159)- ==> Parameters: 一年级五班(String)
2019-07-30 10:48:34,619 DEBUG (BaseJdbcLogger.java:159)- <==      Total: 0
2019-07-30 10:50:01,800 INFO (StartupInfoLogger.java:50)- Starting ClassesTest on wcmis022 with PID 4184 (started by vz04 in D:\Projects\grade)
2019-07-30 10:50:01,801 DEBUG (StartupInfoLogger.java:53)- Running with Spring Boot v2.1.6.RELEASE, Spring v5.1.8.RELEASE
2019-07-30 10:50:01,802 INFO (SpringApplication.java:646)- No active profile set, falling back to default profiles: default
2019-07-30 10:50:08,600 INFO (StartupInfoLogger.java:59)- Started ClassesTest in 8.96 seconds (JVM running for 10.956)
2019-07-30 10:50:09,980 DEBUG (BaseJdbcLogger.java:159)- ==>  Preparing: SELECT TOP(1) [Name_Class] AS [nameClass] FROM vz04.Classes WHERE Name_Class = ? 
2019-07-30 10:50:10,042 DEBUG (BaseJdbcLogger.java:159)- ==> Parameters: 一年级五班(String)
2019-07-30 10:50:10,058 DEBUG (BaseJdbcLogger.java:159)- <==      Total: 0
2019-07-30 10:50:10,089 DEBUG (ClassesTest.java:42)- 这个班级不存在
2019-07-30 10:53:56,116 INFO (StartupInfoLogger.java:50)- Starting ClassesTest on wcmis022 with PID 6156 (started by vz04 in D:\Projects\grade)
2019-07-30 10:53:56,118 DEBUG (StartupInfoLogger.java:53)- Running with Spring Boot v2.1.6.RELEASE, Spring v5.1.8.RELEASE
2019-07-30 10:53:56,123 INFO (SpringApplication.java:646)- No active profile set, falling back to default profiles: default
2019-07-30 10:54:02,246 INFO (StartupInfoLogger.java:59)- Started ClassesTest in 8.706 seconds (JVM running for 10.906)
2019-07-30 10:54:03,549 DEBUG (BaseJdbcLogger.java:159)- ==>  Preparing: SELECT TOP(1) [Name_Class] AS [nameClass] FROM vz04.Classes WHERE Name_Class = ? 
2019-07-30 10:54:03,597 DEBUG (BaseJdbcLogger.java:159)- ==> Parameters: 一年级三班(String)
2019-07-30 10:54:03,637 DEBUG (BaseJdbcLogger.java:159)- <==      Total: 1
2019-07-30 10:54:03,678 DEBUG (ClassesTest.java:60)- false
2019-07-30 11:11:22,236 INFO (StartupInfoLogger.java:50)- Starting ClassesTest on wcmis022 with PID 8688 (started by vz04 in D:\Projects\grade)
2019-07-30 11:11:22,237 DEBUG (StartupInfoLogger.java:53)- Running with Spring Boot v2.1.6.RELEASE, Spring v5.1.8.RELEASE
2019-07-30 11:11:22,238 INFO (SpringApplication.java:646)- No active profile set, falling back to default profiles: default
2019-07-30 11:11:30,144 INFO (StartupInfoLogger.java:59)- Started ClassesTest in 9.176 seconds (JVM running for 11.333)
2019-07-30 11:11:31,554 DEBUG (BaseJdbcLogger.java:159)- ==>  Preparing: SELECT [Classes_ID] AS [classesId],[Name_Class] AS [nameClass] FROM vz04.Classes 
2019-07-30 11:11:31,584 DEBUG (BaseJdbcLogger.java:159)- ==> Parameters: 
2019-07-30 11:11:31,627 DEBUG (BaseJdbcLogger.java:159)- <==      Total: 5
2019-07-30 11:11:31,644 DEBUG (ClassesTest.java:41)- [ClassesBean{classesId=1, nameClass='一年级一班'}, ClassesBean{classesId=2, nameClass='一年级二班'}, ClassesBean{classesId=3, nameClass='一年级三班'}, ClassesBean{classesId=4, nameClass='一年级四班'}, ClassesBean{classesId=5, nameClass='一年级三班'}]
2019-07-30 11:24:26,954 INFO (StartupInfoLogger.java:50)- Starting GradeApplication on wcmis022 with PID 5904 (D:\Projects\grade\target\classes started by vz04 in D:\Projects\grade)
2019-07-30 11:24:27,048 DEBUG (StartupInfoLogger.java:53)- Running with Spring Boot v2.1.6.RELEASE, Spring v5.1.8.RELEASE
2019-07-30 11:24:27,048 INFO (SpringApplication.java:646)- No active profile set, falling back to default profiles: default
2019-07-30 11:24:36,344 INFO (StartupInfoLogger.java:59)- Started GradeApplication in 11.727 seconds (JVM running for 13.873)
2019-07-30 11:26:32,529 INFO (StartupInfoLogger.java:50)- Starting GradeApplication on wcmis022 with PID 3864 (D:\Projects\grade\target\classes started by vz04 in D:\Projects\grade)
2019-07-30 11:26:32,534 DEBUG (StartupInfoLogger.java:53)- Running with Spring Boot v2.1.6.RELEASE, Spring v5.1.8.RELEASE
2019-07-30 11:26:32,535 INFO (SpringApplication.java:646)- No active profile set, falling back to default profiles: default
2019-07-30 11:26:40,140 INFO (StartupInfoLogger.java:59)- Started GradeApplication in 9.702 seconds (JVM running for 10.901)
2019-07-30 11:27:56,348 DEBUG (BaseJdbcLogger.java:159)- ==>  Preparing: SELECT [Account_ID] AS [accountId], [Account_Number] AS [accountNumber], [Password] AS [password], [Identity] AS [identity], [Classes_ID] AS [classesId] FROM vz04.Account WHERE [Account_Number] = ? 
2019-07-30 11:27:56,403 DEBUG (BaseJdbcLogger.java:159)- ==> Parameters: 10000(String)
2019-07-30 11:27:56,452 DEBUG (BaseJdbcLogger.java:159)- <==      Total: 1
2019-07-30 11:28:23,361 INFO (StartupInfoLogger.java:50)- Starting GradeApplication on wcmis022 with PID 8056 (D:\Projects\grade\target\classes started by vz04 in D:\Projects\grade)
2019-07-30 11:28:23,361 DEBUG (StartupInfoLogger.java:53)- Running with Spring Boot v2.1.6.RELEASE, Spring v5.1.8.RELEASE
2019-07-30 11:28:23,361 INFO (SpringApplication.java:646)- No active profile set, falling back to default profiles: default
2019-07-30 11:28:33,111 INFO (StartupInfoLogger.java:59)- Started GradeApplication in 10.96 seconds (JVM running for 12.039)
2019-07-30 11:29:20,951 INFO (StartupInfoLogger.java:50)- Starting GradeApplication on wcmis022 with PID 7692 (D:\Projects\grade\target\classes started by vz04 in D:\Projects\grade)
2019-07-30 11:29:20,951 DEBUG (StartupInfoLogger.java:53)- Running with Spring Boot v2.1.6.RELEASE, Spring v5.1.8.RELEASE
2019-07-30 11:29:20,951 INFO (SpringApplication.java:646)- No active profile set, falling back to default profiles: default
2019-07-30 11:29:27,552 INFO (StartupInfoLogger.java:59)- Started GradeApplication in 9.01 seconds (JVM running for 10.775)
2019-07-30 11:30:13,733 INFO (StartupInfoLogger.java:50)- Starting GradeApplication on wcmis022 with PID 816 (D:\Projects\grade\target\classes started by vz04 in D:\Projects\grade)
2019-07-30 11:30:13,739 DEBUG (StartupInfoLogger.java:53)- Running with Spring Boot v2.1.6.RELEASE, Spring v5.1.8.RELEASE
2019-07-30 11:30:13,740 INFO (SpringApplication.java:646)- No active profile set, falling back to default profiles: default
2019-07-30 11:30:22,958 INFO (StartupInfoLogger.java:59)- Started GradeApplication in 10.441 seconds (JVM running for 11.751)
2019-07-30 11:32:02,768 INFO (StartupInfoLogger.java:50)- Starting GradeApplication on wcmis022 with PID 1796 (D:\Projects\grade\target\classes started by vz04 in D:\Projects\grade)
2019-07-30 11:32:02,768 DEBUG (StartupInfoLogger.java:53)- Running with Spring Boot v2.1.6.RELEASE, Spring v5.1.8.RELEASE
2019-07-30 11:32:02,783 INFO (SpringApplication.java:646)- No active profile set, falling back to default profiles: default
2019-07-30 11:32:13,352 INFO (StartupInfoLogger.java:59)- Started GradeApplication in 12.074 seconds (JVM running for 13.392)
2019-07-30 11:33:04,077 DEBUG (BaseJdbcLogger.java:159)- ==>  Preparing: SELECT [Account_ID] AS [accountId], [Account_Number] AS [accountNumber], [Password] AS [password], [Identity] AS [identity], [Classes_ID] AS [classesId] FROM vz04.Account WHERE [Account_Number] = ? 
2019-07-30 11:33:04,121 DEBUG (BaseJdbcLogger.java:159)- ==> Parameters: 10000(String)
2019-07-30 11:33:04,172 DEBUG (BaseJdbcLogger.java:159)- <==      Total: 1
2019-07-30 11:33:10,981 DEBUG (BaseJdbcLogger.java:159)- ==>  Preparing: SELECT [Classes_ID] AS [classesId],[Name_Class] AS [nameClass] FROM vz04.Classes 
2019-07-30 11:33:10,982 DEBUG (BaseJdbcLogger.java:159)- ==> Parameters: 
2019-07-30 11:33:11,001 DEBUG (BaseJdbcLogger.java:159)- <==      Total: 5
2019-07-30 11:58:29,845 INFO (StartupInfoLogger.java:50)- Starting GradeApplication on wcmis022 with PID 9096 (D:\Projects\grade\target\classes started by vz04 in D:\Projects\grade)
2019-07-30 11:58:29,908 DEBUG (StartupInfoLogger.java:53)- Running with Spring Boot v2.1.6.RELEASE, Spring v5.1.8.RELEASE
2019-07-30 11:58:29,908 INFO (SpringApplication.java:646)- No active profile set, falling back to default profiles: default
2019-07-30 11:58:38,328 INFO (StartupInfoLogger.java:59)- Started GradeApplication in 10.535 seconds (JVM running for 11.661)
2019-07-30 11:59:21,946 DEBUG (BaseJdbcLogger.java:159)- ==>  Preparing: SELECT [Account_ID] AS [accountId], [Account_Number] AS [accountNumber], [Password] AS [password], [Identity] AS [identity], [Classes_ID] AS [classesId] FROM vz04.Account WHERE [Account_Number] = ? 
2019-07-30 11:59:21,994 DEBUG (BaseJdbcLogger.java:159)- ==> Parameters: 10000(String)
2019-07-30 11:59:22,041 DEBUG (BaseJdbcLogger.java:159)- <==      Total: 1
2019-07-30 11:59:26,598 DEBUG (BaseJdbcLogger.java:159)- ==>  Preparing: SELECT [Classes_ID] AS [classesId],[Name_Class] AS [nameClass] FROM vz04.Classes 
2019-07-30 11:59:26,599 DEBUG (BaseJdbcLogger.java:159)- ==> Parameters: 
2019-07-30 11:59:26,603 DEBUG (BaseJdbcLogger.java:159)- <==      Total: 5
2019-07-30 12:01:02,832 DEBUG (BaseJdbcLogger.java:159)- ==>  Preparing: SELECT TOP(1) [Name_Class] AS [nameClass] FROM vz04.Classes WHERE Name_Class = ? 
2019-07-30 12:01:02,834 DEBUG (BaseJdbcLogger.java:159)- ==> Parameters: 一年级三班(String)
2019-07-30 12:01:02,837 DEBUG (BaseJdbcLogger.java:159)- <==      Total: 1
2019-07-30 12:22:37,844 INFO (StartupInfoLogger.java:50)- Starting GradeApplication on wcmis022 with PID 14032 (D:\Projects\grade\target\classes started by vz04 in D:\Projects\grade)
2019-07-30 12:22:37,869 DEBUG (StartupInfoLogger.java:53)- Running with Spring Boot v2.1.6.RELEASE, Spring v5.1.8.RELEASE
2019-07-30 12:22:37,870 INFO (SpringApplication.java:646)- No active profile set, falling back to default profiles: default
2019-07-30 12:23:32,257 INFO (StartupInfoLogger.java:50)- Starting GradeApplication on wcmis022 with PID 6876 (D:\Projects\grade\target\classes started by vz04 in D:\Projects\grade)
2019-07-30 12:23:32,262 DEBUG (StartupInfoLogger.java:53)- Running with Spring Boot v2.1.6.RELEASE, Spring v5.1.8.RELEASE
2019-07-30 12:23:32,263 INFO (SpringApplication.java:646)- No active profile set, falling back to default profiles: default
2019-07-30 12:23:47,269 INFO (StartupInfoLogger.java:50)- Starting GradeApplication on wcmis022 with PID 12188 (D:\Projects\grade\target\classes started by vz04 in D:\Projects\grade)
2019-07-30 12:23:47,274 DEBUG (StartupInfoLogger.java:53)- Running with Spring Boot v2.1.6.RELEASE, Spring v5.1.8.RELEASE
2019-07-30 12:23:47,276 INFO (SpringApplication.java:646)- No active profile set, falling back to default profiles: default
2019-07-30 12:23:57,291 INFO (StartupInfoLogger.java:59)- Started GradeApplication in 11.511 seconds (JVM running for 12.674)
2019-07-30 12:24:50,550 INFO (StartupInfoLogger.java:50)- Starting GradeApplication on wcmis022 with PID 12188 (D:\Projects\grade\target\classes started by vz04 in D:\Projects\grade)
2019-07-30 12:24:50,551 DEBUG (StartupInfoLogger.java:53)- Running with Spring Boot v2.1.6.RELEASE, Spring v5.1.8.RELEASE
2019-07-30 12:24:50,551 INFO (SpringApplication.java:646)- No active profile set, falling back to default profiles: default
2019-07-30 12:24:55,145 INFO (StartupInfoLogger.java:59)- Started GradeApplication in 4.727 seconds (JVM running for 70.532)
2019-07-30 12:25:08,196 INFO (StartupInfoLogger.java:50)- Starting GradeApplication on wcmis022 with PID 12188 (D:\Projects\grade\target\classes started by vz04 in D:\Projects\grade)
2019-07-30 12:25:08,197 DEBUG (StartupInfoLogger.java:53)- Running with Spring Boot v2.1.6.RELEASE, Spring v5.1.8.RELEASE
2019-07-30 12:25:08,197 INFO (SpringApplication.java:646)- No active profile set, falling back to default profiles: default
2019-07-30 12:25:09,760 INFO (StartupInfoLogger.java:59)- Started GradeApplication in 1.696 seconds (JVM running for 85.143)
2019-07-30 12:25:38,110 INFO (StartupInfoLogger.java:50)- Starting GradeApplication on wcmis022 with PID 12188 (D:\Projects\grade\target\classes started by vz04 in D:\Projects\grade)
2019-07-30 12:25:38,110 DEBUG (StartupInfoLogger.java:53)- Running with Spring Boot v2.1.6.RELEASE, Spring v5.1.8.RELEASE
2019-07-30 12:25:38,111 INFO (SpringApplication.java:646)- No active profile set, falling back to default profiles: default
2019-07-30 12:25:39,610 INFO (StartupInfoLogger.java:59)- Started GradeApplication in 1.63 seconds (JVM running for 114.993)
2019-07-30 12:25:57,130 INFO (StartupInfoLogger.java:50)- Starting GradeApplication on wcmis022 with PID 12188 (D:\Projects\grade\target\classes started by vz04 in D:\Projects\grade)
2019-07-30 12:25:57,130 DEBUG (StartupInfoLogger.java:53)- Running with Spring Boot v2.1.6.RELEASE, Spring v5.1.8.RELEASE
2019-07-30 12:25:57,130 INFO (SpringApplication.java:646)- No active profile set, falling back to default profiles: default
2019-07-30 12:25:58,623 INFO (StartupInfoLogger.java:59)- Started GradeApplication in 1.568 seconds (JVM running for 134.006)
2019-07-30 12:29:29,759 INFO (StartupInfoLogger.java:50)- Starting GradeApplication on wcmis022 with PID 12188 (D:\Projects\grade\target\classes started by vz04 in D:\Projects\grade)
2019-07-30 12:29:29,759 DEBUG (StartupInfoLogger.java:53)- Running with Spring Boot v2.1.6.RELEASE, Spring v5.1.8.RELEASE
2019-07-30 12:29:29,760 INFO (SpringApplication.java:646)- No active profile set, falling back to default profiles: default
2019-07-30 12:29:31,051 INFO (StartupInfoLogger.java:59)- Started GradeApplication in 1.367 seconds (JVM running for 346.448)
2019-07-30 12:30:03,665 INFO (StartupInfoLogger.java:50)- Starting GradeApplication on wcmis022 with PID 7156 (D:\Projects\grade\target\classes started by vz04 in D:\Projects\grade)
2019-07-30 12:30:03,670 DEBUG (StartupInfoLogger.java:53)- Running with Spring Boot v2.1.6.RELEASE, Spring v5.1.8.RELEASE
2019-07-30 12:30:03,671 INFO (SpringApplication.java:646)- No active profile set, falling back to default profiles: default
2019-07-30 12:30:13,941 INFO (StartupInfoLogger.java:59)- Started GradeApplication in 13.744 seconds (JVM running for 15.473)
2019-07-30 12:30:32,084 INFO (StartupInfoLogger.java:50)- Starting GradeApplication on wcmis022 with PID 7156 (D:\Projects\grade\target\classes started by vz04 in D:\Projects\grade)
2019-07-30 12:30:32,084 DEBUG (StartupInfoLogger.java:53)- Running with Spring Boot v2.1.6.RELEASE, Spring v5.1.8.RELEASE
2019-07-30 12:30:32,085 INFO (SpringApplication.java:646)- No active profile set, falling back to default profiles: default
2019-07-30 12:30:34,575 INFO (StartupInfoLogger.java:59)- Started GradeApplication in 2.595 seconds (JVM running for 36.116)
2019-07-30 12:30:50,570 INFO (StartupInfoLogger.java:50)- Starting GradeApplication on wcmis022 with PID 7156 (D:\Projects\grade\target\classes started by vz04 in D:\Projects\grade)
2019-07-30 12:30:50,571 DEBUG (StartupInfoLogger.java:53)- Running with Spring Boot v2.1.6.RELEASE, Spring v5.1.8.RELEASE
2019-07-30 12:30:50,573 INFO (SpringApplication.java:646)- No active profile set, falling back to default profiles: default
2019-07-30 12:30:54,703 INFO (StartupInfoLogger.java:59)- Started GradeApplication in 4.484 seconds (JVM running for 56.235)
2019-07-30 12:34:31,175 INFO (StartupInfoLogger.java:50)- Starting GradeApplication on wcmis022 with PID 7156 (D:\Projects\grade\target\classes started by vz04 in D:\Projects\grade)
2019-07-30 12:34:31,176 DEBUG (StartupInfoLogger.java:53)- Running with Spring Boot v2.1.6.RELEASE, Spring v5.1.8.RELEASE
2019-07-30 12:34:31,177 INFO (SpringApplication.java:646)- No active profile set, falling back to default profiles: default
2019-07-30 12:34:33,511 INFO (StartupInfoLogger.java:59)- Started GradeApplication in 2.714 seconds (JVM running for 275.053)
2019-07-30 12:35:47,597 INFO (StartupInfoLogger.java:50)- Starting GradeApplication on wcmis022 with PID 7156 (D:\Projects\grade\target\classes started by vz04 in D:\Projects\grade)
2019-07-30 12:35:47,597 DEBUG (StartupInfoLogger.java:53)- Running with Spring Boot v2.1.6.RELEASE, Spring v5.1.8.RELEASE
2019-07-30 12:35:47,598 INFO (SpringApplication.java:646)- No active profile set, falling back to default profiles: default
2019-07-30 12:35:49,874 INFO (StartupInfoLogger.java:59)- Started GradeApplication in 2.324 seconds (JVM running for 351.421)
2019-07-30 12:36:27,848 INFO (StartupInfoLogger.java:50)- Starting GradeApplication on wcmis022 with PID 7156 (D:\Projects\grade\target\classes started by vz04 in D:\Projects\grade)
2019-07-30 12:36:27,848 DEBUG (StartupInfoLogger.java:53)- Running with Spring Boot v2.1.6.RELEASE, Spring v5.1.8.RELEASE
2019-07-30 12:36:27,848 INFO (SpringApplication.java:646)- No active profile set, falling back to default profiles: default
2019-07-30 12:36:29,253 INFO (StartupInfoLogger.java:59)- Started GradeApplication in 1.52 seconds (JVM running for 390.803)
2019-07-30 12:37:21,144 INFO (StartupInfoLogger.java:50)- Starting GradeApplication on wcmis022 with PID 7224 (D:\Projects\grade\target\classes started by vz04 in D:\Projects\grade)
2019-07-30 12:37:21,150 DEBUG (StartupInfoLogger.java:53)- Running with Spring Boot v2.1.6.RELEASE, Spring v5.1.8.RELEASE
2019-07-30 12:37:21,151 INFO (SpringApplication.java:646)- No active profile set, falling back to default profiles: default
2019-07-30 12:37:31,875 INFO (StartupInfoLogger.java:59)- Started GradeApplication in 12.253 seconds (JVM running for 13.617)
2019-07-30 12:39:03,773 INFO (StartupInfoLogger.java:50)- Starting GradeApplication on wcmis022 with PID 8188 (D:\Projects\grade\target\classes started by vz04 in D:\Projects\grade)
2019-07-30 12:39:03,780 DEBUG (StartupInfoLogger.java:53)- Running with Spring Boot v2.1.6.RELEASE, Spring v5.1.8.RELEASE
2019-07-30 12:39:03,781 INFO (SpringApplication.java:646)- No active profile set, falling back to default profiles: default
2019-07-30 12:39:12,910 INFO (StartupInfoLogger.java:59)- Started GradeApplication in 11.815 seconds (JVM running for 13.228)
2019-07-30 12:39:27,365 DEBUG (BaseJdbcLogger.java:159)- ==>  Preparing: SELECT [Account_ID] AS [accountId], [Account_Number] AS [accountNumber], [Password] AS [password], [Identity] AS [identity], [Classes_ID] AS [classesId] FROM vz04.Account WHERE [Account_Number] = ? 
2019-07-30 12:39:27,410 DEBUG (BaseJdbcLogger.java:159)- ==> Parameters: 10000(String)
2019-07-30 12:39:27,464 DEBUG (BaseJdbcLogger.java:159)- <==      Total: 1
2019-07-30 12:47:34,592 INFO (StartupInfoLogger.java:50)- Starting GradeApplication on wcmis022 with PID 8188 (D:\Projects\grade\target\classes started by vz04 in D:\Projects\grade)
2019-07-30 12:47:34,593 DEBUG (StartupInfoLogger.java:53)- Running with Spring Boot v2.1.6.RELEASE, Spring v5.1.8.RELEASE
2019-07-30 12:47:34,600 INFO (SpringApplication.java:646)- No active profile set, falling back to default profiles: default
2019-07-30 12:47:38,861 INFO (StartupInfoLogger.java:59)- Started GradeApplication in 4.361 seconds (JVM running for 519.187)
2019-07-30 12:48:28,136 INFO (StartupInfoLogger.java:50)- Starting GradeApplication on wcmis022 with PID 8188 (D:\Projects\grade\target\classes started by vz04 in D:\Projects\grade)
2019-07-30 12:48:28,137 DEBUG (StartupInfoLogger.java:53)- Running with Spring Boot v2.1.6.RELEASE, Spring v5.1.8.RELEASE
2019-07-30 12:48:28,137 INFO (SpringApplication.java:646)- No active profile set, falling back to default profiles: default
2019-07-30 12:48:30,129 INFO (StartupInfoLogger.java:59)- Started GradeApplication in 2.055 seconds (JVM running for 570.455)
2019-07-30 12:48:48,368 INFO (StartupInfoLogger.java:50)- Starting GradeApplication on wcmis022 with PID 8188 (D:\Projects\grade\target\classes started by vz04 in D:\Projects\grade)
2019-07-30 12:48:48,368 DEBUG (StartupInfoLogger.java:53)- Running with Spring Boot v2.1.6.RELEASE, Spring v5.1.8.RELEASE
2019-07-30 12:48:48,369 INFO (SpringApplication.java:646)- No active profile set, falling back to default profiles: default
2019-07-30 12:48:49,919 INFO (StartupInfoLogger.java:59)- Started GradeApplication in 1.612 seconds (JVM running for 590.245)
2019-07-30 12:49:29,140 INFO (StartupInfoLogger.java:50)- Starting GradeApplication on wcmis022 with PID 12440 (D:\Projects\grade\target\classes started by vz04 in D:\Projects\grade)
2019-07-30 12:49:29,144 DEBUG (StartupInfoLogger.java:53)- Running with Spring Boot v2.1.6.RELEASE, Spring v5.1.8.RELEASE
2019-07-30 12:49:29,145 INFO (SpringApplication.java:646)- No active profile set, falling back to default profiles: default
2019-07-30 12:49:37,182 INFO (StartupInfoLogger.java:59)- Started GradeApplication in 9.043 seconds (JVM running for 10.158)
2019-07-30 12:50:04,289 INFO (StartupInfoLogger.java:50)- Starting GradeApplication on wcmis022 with PID 12440 (D:\Projects\grade\target\classes started by vz04 in D:\Projects\grade)
2019-07-30 12:50:04,290 DEBUG (StartupInfoLogger.java:53)- Running with Spring Boot v2.1.6.RELEASE, Spring v5.1.8.RELEASE
2019-07-30 12:50:04,292 INFO (SpringApplication.java:646)- No active profile set, falling back to default profiles: default
2019-07-30 12:50:09,532 INFO (StartupInfoLogger.java:59)- Started GradeApplication in 5.325 seconds (JVM running for 42.508)
2019-07-30 13:04:29,966 INFO (StartupInfoLogger.java:50)- Starting ClassesTest on wcmis022 with PID 11160 (started by vz04 in D:\Projects\grade)
2019-07-30 13:04:29,968 DEBUG (StartupInfoLogger.java:53)- Running with Spring Boot v2.1.6.RELEASE, Spring v5.1.8.RELEASE
2019-07-30 13:04:29,968 INFO (SpringApplication.java:646)- No active profile set, falling back to default profiles: default
2019-07-30 13:04:36,006 INFO (StartupInfoLogger.java:59)- Started ClassesTest in 9.37 seconds (JVM running for 11.43)
2019-07-30 13:04:37,008 DEBUG (BaseJdbcLogger.java:159)- ==>  Preparing: SELECT [Classes_ID] AS [classesId],[Name_Class] AS [nameClass] FROM vz04.Classes 
2019-07-30 13:04:37,040 DEBUG (BaseJdbcLogger.java:159)- ==> Parameters: 
2019-07-30 13:04:37,091 DEBUG (BaseJdbcLogger.java:159)- <==      Total: 5
2019-07-30 13:04:37,114 DEBUG (ClassesTest.java:67)- [ClassesBean{classesId=1, nameClass='一年级一班'}, ClassesBean{classesId=2, nameClass='一年级二班'}, ClassesBean{classesId=3, nameClass='一年级三班'}, ClassesBean{classesId=4, nameClass='一年级四班'}, ClassesBean{classesId=5, nameClass='一年级三班'}]
2019-07-30 13:18:42,325 INFO (StartupInfoLogger.java:50)- Starting ClassesTest on wcmis022 with PID 7040 (started by vz04 in D:\Projects\grade)
2019-07-30 13:18:42,325 DEBUG (StartupInfoLogger.java:53)- Running with Spring Boot v2.1.6.RELEASE, Spring v5.1.8.RELEASE
2019-07-30 13:18:42,340 INFO (SpringApplication.java:646)- No active profile set, falling back to default profiles: default
2019-07-30 13:18:49,152 INFO (StartupInfoLogger.java:59)- Started ClassesTest in 8.649 seconds (JVM running for 10.811)
2019-07-30 13:18:50,284 DEBUG (BaseJdbcLogger.java:159)- ==>  Preparing: UPDATE vz04.Classes SET [Name_Class] = ?, [LastEditUser] = N'vz04', [LastEditDate] = GETDATE() WHERE [Classes_ID]=?; 
2019-07-30 13:18:50,331 DEBUG (BaseJdbcLogger.java:159)- ==> Parameters: 二年级三班(String), 5(Integer)
2019-07-30 13:18:50,347 DEBUG (BaseJdbcLogger.java:159)- <==    Updates: 1
2019-07-30 13:18:50,375 DEBUG (ClassesTest.java:41)- 1
2019-07-30 13:29:14,750 INFO (StartupInfoLogger.java:50)- Starting ClassesTest on wcmis022 with PID 7024 (started by vz04 in D:\Projects\grade)
2019-07-30 13:29:14,751 DEBUG (StartupInfoLogger.java:53)- Running with Spring Boot v2.1.6.RELEASE, Spring v5.1.8.RELEASE
2019-07-30 13:29:14,752 INFO (SpringApplication.java:646)- No active profile set, falling back to default profiles: default
2019-07-30 13:29:20,679 INFO (StartupInfoLogger.java:59)- Started ClassesTest in 7.958 seconds (JVM running for 9.977)
2019-07-30 13:29:21,918 DEBUG (BaseJdbcLogger.java:159)- ==>  Preparing: SELECT TOP(1) [Name_Class] AS [nameClass] FROM vz04.Classes WHERE Name_Class = ? 
2019-07-30 13:29:21,961 DEBUG (BaseJdbcLogger.java:159)- ==> Parameters: 二年级三班(String)
2019-07-30 13:29:21,993 DEBUG (BaseJdbcLogger.java:159)- <==      Total: 1
2019-07-30 13:29:22,016 DEBUG (ClassesTest.java:74)- false
2019-07-30 13:29:43,995 INFO (StartupInfoLogger.java:50)- Starting ClassesTest on wcmis022 with PID 7568 (started by vz04 in D:\Projects\grade)
2019-07-30 13:29:43,996 DEBUG (StartupInfoLogger.java:53)- Running with Spring Boot v2.1.6.RELEASE, Spring v5.1.8.RELEASE
2019-07-30 13:29:43,997 INFO (SpringApplication.java:646)- No active profile set, falling back to default profiles: default
2019-07-30 13:29:50,987 INFO (StartupInfoLogger.java:59)- Started ClassesTest in 8.708 seconds (JVM running for 11.56)
2019-07-30 13:29:52,436 DEBUG (BaseJdbcLogger.java:159)- ==>  Preparing: SELECT TOP(1) [Name_Class] AS [nameClass] FROM vz04.Classes WHERE Name_Class = ? 
2019-07-30 13:29:52,478 DEBUG (BaseJdbcLogger.java:159)- ==> Parameters: 二年级三班(String)
2019-07-30 13:29:52,509 DEBUG (BaseJdbcLogger.java:159)- <==      Total: 1
2019-07-30 13:29:52,540 DEBUG (ClassesTest.java:74)- false
2019-07-30 13:30:18,016 INFO (StartupInfoLogger.java:50)- Starting ClassesTest on wcmis022 with PID 8536 (started by vz04 in D:\Projects\grade)
2019-07-30 13:30:18,016 DEBUG (StartupInfoLogger.java:53)- Running with Spring Boot v2.1.6.RELEASE, Spring v5.1.8.RELEASE
2019-07-30 13:30:18,016 INFO (SpringApplication.java:646)- No active profile set, falling back to default profiles: default
2019-07-30 13:30:23,790 INFO (StartupInfoLogger.java:59)- Started ClassesTest in 7.803 seconds (JVM running for 9.783)
2019-07-30 13:30:24,914 DEBUG (BaseJdbcLogger.java:159)- ==>  Preparing: SELECT TOP(1) [Name_Class] AS [nameClass] FROM vz04.Classes WHERE Name_Class = ? 
2019-07-30 13:30:24,961 DEBUG (BaseJdbcLogger.java:159)- ==> Parameters: 一年级六班(String)
2019-07-30 13:30:24,988 DEBUG (BaseJdbcLogger.java:159)- <==      Total: 0
2019-07-30 13:30:25,015 DEBUG (BaseJdbcLogger.java:159)- ==>  Preparing: UPDATE vz04.Classes SET [Name_Class] = ?, [LastEditUser] = N'vz04', [LastEditDate] = GETDATE() WHERE [Classes_ID]=?; 
2019-07-30 13:30:25,015 DEBUG (BaseJdbcLogger.java:159)- ==> Parameters: 一年级六班(String), 6(Integer)
2019-07-30 13:30:25,015 DEBUG (BaseJdbcLogger.java:159)- <==    Updates: 0
2019-07-30 13:30:25,015 DEBUG (ClassesTest.java:74)- false
2019-07-30 13:38:58,232 INFO (StartupInfoLogger.java:50)- Starting GradeApplication on wcmis022 with PID 11108 (D:\Projects\grade\target\classes started by vz04 in D:\Projects\grade)
2019-07-30 13:38:58,236 DEBUG (StartupInfoLogger.java:53)- Running with Spring Boot v2.1.6.RELEASE, Spring v5.1.8.RELEASE
2019-07-30 13:38:58,237 INFO (SpringApplication.java:646)- No active profile set, falling back to default profiles: default
2019-07-30 13:39:06,494 INFO (StartupInfoLogger.java:59)- Started GradeApplication in 10.178 seconds (JVM running for 11.505)
2019-07-30 13:40:40,932 DEBUG (BaseJdbcLogger.java:159)- ==>  Preparing: SELECT [Account_ID] AS [accountId], [Account_Number] AS [accountNumber], [Password] AS [password], [Identity] AS [identity], [Classes_ID] AS [classesId] FROM vz04.Account WHERE [Account_Number] = ? 
2019-07-30 13:40:40,995 DEBUG (BaseJdbcLogger.java:159)- ==> Parameters: 10001(String)
2019-07-30 13:40:41,029 DEBUG (BaseJdbcLogger.java:159)- <==      Total: 1
2019-07-30 13:41:11,050 DEBUG (BaseJdbcLogger.java:159)- ==>  Preparing: SELECT [Account_ID] AS [accountId], [Account_Number] AS [accountNumber], [Password] AS [password], [Identity] AS [identity], [Classes_ID] AS [classesId] FROM vz04.Account WHERE [Account_Number] = ? 
2019-07-30 13:41:11,052 DEBUG (BaseJdbcLogger.java:159)- ==> Parameters: 10000(String)
2019-07-30 13:41:11,055 DEBUG (BaseJdbcLogger.java:159)- <==      Total: 1
2019-07-30 13:41:16,073 DEBUG (BaseJdbcLogger.java:159)- ==>  Preparing: SELECT TOP(1) [Name_Class] AS [nameClass] FROM vz04.Classes WHERE Name_Class = ? 
2019-07-30 13:41:16,080 DEBUG (BaseJdbcLogger.java:159)- ==> Parameters: 一年级五班(String)
2019-07-30 13:41:16,087 DEBUG (BaseJdbcLogger.java:159)- <==      Total: 0
2019-07-30 13:41:16,087 DEBUG (BaseJdbcLogger.java:159)- ==>  Preparing: UPDATE vz04.Classes SET [Name_Class] = ?, [LastEditUser] = N'vz04', [LastEditDate] = GETDATE() WHERE [Classes_ID]=?; 
2019-07-30 13:41:16,087 DEBUG (BaseJdbcLogger.java:159)- ==> Parameters: 一年级五班(String), 5(Integer)
2019-07-30 13:41:16,087 DEBUG (BaseJdbcLogger.java:159)- <==    Updates: 1
2019-07-30 17:19:30,269 INFO (StartupInfoLogger.java:50)- Starting GradeApplication on wcmis022 with PID 8308 (D:\Projects\grade\target\classes started by vz04 in D:\Projects\grade)
2019-07-30 17:19:30,269 DEBUG (StartupInfoLogger.java:53)- Running with Spring Boot v2.1.6.RELEASE, Spring v5.1.8.RELEASE
2019-07-30 17:19:30,269 INFO (SpringApplication.java:646)- No active profile set, falling back to default profiles: default
2019-07-30 17:19:39,952 INFO (StartupInfoLogger.java:59)- Started GradeApplication in 11.748 seconds (JVM running for 13.366)
